<?xml version="1.0" encoding="UTF-8"?>
<!-- Generated by org.testng.reporters.JUnitReportReporter -->
<testsuite skipped="0" hostname="POCLAPTOP019" name="PaytmUpcomingMovies" tests="1" failures="0" timestamp="24 Apr 2020 04:58:35 GMT" time="3.693" errors="0">
  <testcase name="getMovieDetails" time="3.693" classname="PaytmUpcomingMovies"/>
</testsuite> <!-- PaytmUpcomingMovies -->
